Using pre-set license
Built from '2020.3/release' branch; Version is '2020.3.27f1 (e759542391ea) revision 15161684'; Using compiler version '192528614'; Build Type 'Release'
OS: 'Windows 10  (10.0.19043) 64bit Professional' Language: 'tr' Physical Memory: 16348 MB
BatchMode: 1, IsHumanControllingUs: 0, StartBugReporterOnCrash: 0, Is64bit: 1, IsPro: 0

COMMAND LINE ARGUMENTS:
E:\unity\2020.3.27f1\Editor\Unity.exe
-adb2
-batchMode
-noUpm
-name
AssetImportWorker0
-projectPath
E:/unity denemeler/Atm Rush Clone
-logFile
Logs/AssetImportWorker0.log
-srvPort
50221
Successfully changed project path to: E:/unity denemeler/Atm Rush Clone
E:/unity denemeler/Atm Rush Clone
Using Asset Import Pipeline V2.
Refreshing native plugins compatible for Editor in 48.02 ms, found 2 plugins.
Preloading 0 native plugins for Editor in 0.00 ms.
Initialize engine version: 2020.3.27f1 (e759542391ea)
[Subsystems] Discovering subsystems at path E:/unity/2020.3.27f1/Editor/Data/Resources/UnitySubsystems
[Subsystems] Discovering subsystems at path E:/unity denemeler/Atm Rush Clone/Assets
GfxDevice: creating device client; threaded=0
Direct3D:
    Version:  Direct3D 11.0 [level 11.1]
    Renderer: NVIDIA GeForce GTX 960 (ID=0x1401)
    Vendor:   
    VRAM:     4053 MB
    Driver:   30.0.15.1215
Initialize mono
Mono path[0] = 'E:/unity/2020.3.27f1/Editor/Data/Managed'
Mono path[1] = 'E:/unity/2020.3.27f1/Editor/Data/MonoBleedingEdge/lib/mono/unityjit'
Mono config path = 'E:/unity/2020.3.27f1/Editor/Data/MonoBleedingEdge/etc'
Using monoOptions --debugger-agent=transport=dt_socket,embedding=1,server=y,suspend=n,address=127.0.0.1:56328
Begin MonoManager ReloadAssembly
Registering precompiled unity dll's ...
Register platform support module: E:/unity/2020.3.27f1/Editor/Data/PlaybackEngines/WindowsStandaloneSupport/UnityEditor.WindowsStandalone.Extensions.dll
Registered in 0.001595 seconds.
Native extension for WindowsStandalone target not found
Refreshing native plugins compatible for Editor in 38.42 ms, found 2 plugins.
Preloading 0 native plugins for Editor in 0.00 ms.
Mono: successfully reloaded assembly
- Completed reload, in  0.750 seconds
Domain Reload Profiling:
	ReloadAssembly (751ms)
		BeginReloadAssembly (94ms)
			ExecutionOrderSort (0ms)
			DisableScriptedObjects (0ms)
			BackupInstance (0ms)
			ReleaseScriptingObjects (0ms)
			CreateAndSetChildDomain (1ms)
		EndReloadAssembly (580ms)
			LoadAssemblies (94ms)
			RebuildTransferFunctionScriptingTraits (0ms)
			SetupTypeCache (207ms)
			ReleaseScriptCaches (0ms)
			RebuildScriptCaches (34ms)
			SetupLoadedEditorAssemblies (210ms)
				LogAssemblyErrors (0ms)
				InitializePlatformSupportModulesInManaged (3ms)
				SetLoadedEditorAssemblies (0ms)
				RefreshPlugins (39ms)
				BeforeProcessingInitializeOnLoad (18ms)
				ProcessInitializeOnLoadAttributes (99ms)
				ProcessInitializeOnLoadMethodAttributes (50ms)
				AfterProcessingInitializeOnLoad (0ms)
				EditorAssembliesLoaded (0ms)
			ExecutionOrderSort2 (0ms)
			AwakeInstancesAfterBackupRestoration (0ms)
Platform modules already initialized, skipping
Registering precompiled user dll's ...
Registered in 0.007368 seconds.
Begin MonoManager ReloadAssembly
Native extension for WindowsStandalone target not found
Refreshing native plugins compatible for Editor in 0.61 ms, found 2 plugins.
Preloading 0 native plugins for Editor in 0.00 ms.
Mono: successfully reloaded assembly
- Completed reload, in  1.332 seconds
Domain Reload Profiling:
	ReloadAssembly (1333ms)
		BeginReloadAssembly (233ms)
			ExecutionOrderSort (0ms)
			DisableScriptedObjects (7ms)
			BackupInstance (0ms)
			ReleaseScriptingObjects (0ms)
			CreateAndSetChildDomain (24ms)
		EndReloadAssembly (1034ms)
			LoadAssemblies (145ms)
			RebuildTransferFunctionScriptingTraits (0ms)
			SetupTypeCache (420ms)
			ReleaseScriptCaches (0ms)
			RebuildScriptCaches (48ms)
			SetupLoadedEditorAssemblies (360ms)
				LogAssemblyErrors (0ms)
				InitializePlatformSupportModulesInManaged (5ms)
				SetLoadedEditorAssemblies (1ms)
				RefreshPlugins (1ms)
				BeforeProcessingInitializeOnLoad (99ms)
				ProcessInitializeOnLoadAttributes (241ms)
				ProcessInitializeOnLoadMethodAttributes (11ms)
				AfterProcessingInitializeOnLoad (3ms)
				EditorAssembliesLoaded (0ms)
			ExecutionOrderSort2 (0ms)
			AwakeInstancesAfterBackupRestoration (8ms)
Platform modules already initialized, skipping
========================================================================
Worker process is ready to serve import requests
Launched and connected shader compiler UnityShaderCompiler.exe after 0.07 seconds
Refreshing native plugins compatible for Editor in 0.45 ms, found 2 plugins.
Preloading 0 native plugins for Editor in 0.00 ms.
Unloading 1606 Unused Serialized files (Serialized files now loaded: 0)
System memory in use before: 71.6 MB.
System memory in use after: 71.6 MB.

Unloading 32 unused Assets to reduce memory usage. Loaded Objects now: 2024.
Total: 2.972800 ms (FindLiveObjects: 0.140300 ms CreateObjectMapping: 0.062300 ms MarkObjects: 2.694200 ms  DeleteObjects: 0.074900 ms)

AssetImportParameters requested are different than current active one (requested -> active):
  custom:framework-win-MediaFoundation: 216162199b28c13a410421893ffa2e32 -> 
  custom:video-decoder-ogg-theora: a1e56fd34408186e4bbccfd4996cb3dc -> 
  custom:container-muxer-webm: aa71ff27fc2769a1b78a27578f13a17b -> 
  custom:container-demuxer-webm: 4f35f7cbe854078d1ac9338744f61a02 -> 
  custom:container-demuxer-ogg: 62fdf1f143b41e24485cea50d1cbac27 -> 
  custom:video-encoder-webm-vp8: eb34c28f22e8b96e1ab97ce403110664 -> 
  custom:video-decoder-webm-vp8: 9c59270c3fd7afecdb556c50c9e8de78 -> 
  custom:audio-decoder-ogg-vorbis: bf7c407c2cedff20999df2af8eb42d56 -> 
  custom:audio-encoder-webm-vorbis: bf7c407c2cedff20999df2af8eb42d56 -> 
========================================================================
Received Import Request.
  path: Assets
  artifactKey: Guid(00000000000000001000000000000000) Importer(815301076,1909f56bfc062723c751e8b465ee728b)
Start importing Assets using Guid(00000000000000001000000000000000) Importer(815301076,1909f56bfc062723c751e8b465ee728b)  -> (artifact id: '42d402b061de3733987d63b9cc3b64de') in 0.004601 seconds 
  Import took 0.007512 seconds .

========================================================================
Received Import Request.
  Time since last request: 3.162277 seconds.
  path: Assets/Scripts
  artifactKey: Guid(e8f32bf386ac4704c8d784f4ac08a805) Importer(815301076,1909f56bfc062723c751e8b465ee728b)
Start importing Assets/Scripts using Guid(e8f32bf386ac4704c8d784f4ac08a805) Importer(815301076,1909f56bfc062723c751e8b465ee728b)  -> (artifact id: '249c328985f723cf188467ccbc574bdf') in 0.003229 seconds 
  Import took 0.006811 seconds .

========================================================================
Received Import Request.
  Time since last request: 83.544339 seconds.
  path: Assets/Materials
  artifactKey: Guid(235d9c5b89b73934e8632bd32e49ebc9) Importer(815301076,1909f56bfc062723c751e8b465ee728b)
Start importing Assets/Materials using Guid(235d9c5b89b73934e8632bd32e49ebc9) Importer(815301076,1909f56bfc062723c751e8b465ee728b)  -> (artifact id: '44cbe127206d1ee41f43f0c0297052df') in 0.003758 seconds 
  Import took 0.007387 seconds .

========================================================================
Received Import Request.
  Time since last request: 4236.439595 seconds.
  path: Assets/Low Poly ATM
  artifactKey: Guid(36de10d82a68dd74592fe2ff1ee6fbb9) Importer(815301076,1909f56bfc062723c751e8b465ee728b)
Start importing Assets/Low Poly ATM using Guid(36de10d82a68dd74592fe2ff1ee6fbb9) Importer(815301076,1909f56bfc062723c751e8b465ee728b)  -> (artifact id: '700839659957de1d7660b471c82e93ff') in 0.003663 seconds 
  Import took 0.031040 seconds .

========================================================================
Received Import Request.
  Time since last request: 2.797170 seconds.
  path: Assets/Low Poly ATM/Prefabs
  artifactKey: Guid(c38ae53197b607e4f9c0c5eede35dc9a) Importer(815301076,1909f56bfc062723c751e8b465ee728b)
Start importing Assets/Low Poly ATM/Prefabs using Guid(c38ae53197b607e4f9c0c5eede35dc9a) Importer(815301076,1909f56bfc062723c751e8b465ee728b)  -> (artifact id: 'ae4765f13f52f757e5958d6b6ff4baa9') in 0.003167 seconds 
  Import took 0.008029 seconds .

========================================================================
Received Import Request.
  Time since last request: 0.059687 seconds.
  path: Assets/Low Poly ATM/Prefabs/ATM1.prefab
  artifactKey: Guid(dc90d554ef4c11844b2ac15acc133098) Importer(815301076,1909f56bfc062723c751e8b465ee728b)
Start importing Assets/Low Poly ATM/Prefabs/ATM1.prefab using Guid(dc90d554ef4c11844b2ac15acc133098) Importer(815301076,1909f56bfc062723c751e8b465ee728b)  -> (artifact id: 'f471711460b2d88e6ed3aabc5f0e2d8c') in 0.345133 seconds 
  Import took 0.348997 seconds .

========================================================================
Received Import Request.
  Time since last request: 0.000286 seconds.
  path: Assets/Low Poly ATM/Prefabs/CreditCard.prefab
  artifactKey: Guid(9736d6c125a1f8547a3dc86ddcf8feaa) Importer(815301076,1909f56bfc062723c751e8b465ee728b)
Start importing Assets/Low Poly ATM/Prefabs/CreditCard.prefab using Guid(9736d6c125a1f8547a3dc86ddcf8feaa) Importer(815301076,1909f56bfc062723c751e8b465ee728b)  -> (artifact id: '5e3281e82d50c4404f2b0ca7e2c66da3') in 0.026607 seconds 
  Import took 0.029918 seconds .

========================================================================
Received Import Request.
  Time since last request: 0.000280 seconds.
  path: Assets/Low Poly ATM/Prefabs/Bill2.prefab
  artifactKey: Guid(5ed6b9e1bde769f4ebffc1f57976de2a) Importer(815301076,1909f56bfc062723c751e8b465ee728b)
Start importing Assets/Low Poly ATM/Prefabs/Bill2.prefab using Guid(5ed6b9e1bde769f4ebffc1f57976de2a) Importer(815301076,1909f56bfc062723c751e8b465ee728b)  -> (artifact id: '78c1ee60876fe84df815960d40636547') in 0.021484 seconds 
  Import took 0.024583 seconds .

========================================================================
Received Import Request.
  Time since last request: 0.000206 seconds.
  path: Assets/Low Poly ATM/Prefabs/HC1.prefab
  artifactKey: Guid(1fa1df7a5c5c9e44cbe353cb895f69ad) Importer(815301076,1909f56bfc062723c751e8b465ee728b)
Start importing Assets/Low Poly ATM/Prefabs/HC1.prefab using Guid(1fa1df7a5c5c9e44cbe353cb895f69ad) Importer(815301076,1909f56bfc062723c751e8b465ee728b)  -> (artifact id: '80795f02adf27bcb36f806db4ddc1716') in 0.019708 seconds 
  Import took 0.022741 seconds .

========================================================================
Received Import Request.
  Time since last request: 0.000253 seconds.
  path: Assets/Low Poly ATM/Prefabs/ATM3.prefab
  artifactKey: Guid(f3f0b4f2ff1395e49b5030a84572002e) Importer(815301076,1909f56bfc062723c751e8b465ee728b)
Start importing Assets/Low Poly ATM/Prefabs/ATM3.prefab using Guid(f3f0b4f2ff1395e49b5030a84572002e) Importer(815301076,1909f56bfc062723c751e8b465ee728b)  -> (artifact id: '7e0f5e4859622779188b03189f773bfb') in 0.018894 seconds 
  Import took 0.022353 seconds .

========================================================================
Received Import Request.
  Time since last request: 0.000205 seconds.
  path: Assets/Low Poly ATM/Prefabs/ATM2.prefab
  artifactKey: Guid(f7b2313a7ea7d3c468c920137406f346) Importer(815301076,1909f56bfc062723c751e8b465ee728b)
Start importing Assets/Low Poly ATM/Prefabs/ATM2.prefab using Guid(f7b2313a7ea7d3c468c920137406f346) Importer(815301076,1909f56bfc062723c751e8b465ee728b)  -> (artifact id: '99da97e959e26ea717b6afbc51e06ee5') in 0.021839 seconds 
  Import took 0.024883 seconds .

========================================================================
Received Import Request.
  Time since last request: 0.000194 seconds.
  path: Assets/Low Poly ATM/Prefabs/Bill1.prefab
  artifactKey: Guid(ed9242738df04ca4bacf816d376c9029) Importer(815301076,1909f56bfc062723c751e8b465ee728b)
Start importing Assets/Low Poly ATM/Prefabs/Bill1.prefab using Guid(ed9242738df04ca4bacf816d376c9029) Importer(815301076,1909f56bfc062723c751e8b465ee728b)  -> (artifact id: '402903e0146a37956d287ad7dfc1188b') in 0.019151 seconds 
  Import took 0.022376 seconds .

========================================================================
Received Import Request.
  Time since last request: 0.000220 seconds.
  path: Assets/Low Poly ATM/Prefabs/HC2.prefab
  artifactKey: Guid(e7b94f9907861444785b8e8e43ec0a49) Importer(815301076,1909f56bfc062723c751e8b465ee728b)
Start importing Assets/Low Poly ATM/Prefabs/HC2.prefab using Guid(e7b94f9907861444785b8e8e43ec0a49) Importer(815301076,1909f56bfc062723c751e8b465ee728b)  -> (artifact id: '2abf7a1a195a3e0945a84c98105bc542') in 0.020667 seconds 
  Import took 0.023915 seconds .

========================================================================
Received Import Request.
  Time since last request: 251.840287 seconds.
  path: Assets/Materials/Ground.mat
  artifactKey: Guid(b7af19b139255d245881b8bd27fc21e0) Importer(815301076,1909f56bfc062723c751e8b465ee728b)
Start importing Assets/Materials/Ground.mat using Guid(b7af19b139255d245881b8bd27fc21e0) Importer(815301076,1909f56bfc062723c751e8b465ee728b)  -> (artifact id: '67cb2028715c4ca5507ec4caaf1177de') in 0.079300 seconds 
  Import took 0.083461 seconds .

========================================================================
Received Import Request.
  Time since last request: 98.505076 seconds.
  path: Assets/Materials/Ground.mat
  artifactKey: Guid(b7af19b139255d245881b8bd27fc21e0) Importer(815301076,1909f56bfc062723c751e8b465ee728b)
Start importing Assets/Materials/Ground.mat using Guid(b7af19b139255d245881b8bd27fc21e0) Importer(815301076,1909f56bfc062723c751e8b465ee728b)  -> (artifact id: 'c58497da9362376fab78a6f6c75e5699') in 0.017813 seconds 
  Import took 0.021531 seconds .

AssetImportWorkerClient::OnTransportError - code=2 error=End of file
